<?xml version="1.1" encoding="UTF-8"?>
<testsuite name="test.controlsServer.ManualVivaeRunner" tests="1" failures="1" errors="0" timestamp="1970-01-01T00:00:00" hostname="js-MacBook.local" time="1.387370267404E9">
  <properties/>
  <testcase name="testVivaeRunner" classname="test.controlsServer.ManualVivaeRunner" time="0.209">
    <failure message="java.lang.AssertionError" type="java.lang.AssertionError">java.lang.AssertionError
	at org.junit.Assert.fail(Assert.java:92)
	at org.junit.Assert.assertTrue(Assert.java:43)
	at org.junit.Assert.assertTrue(Assert.java:54)
	at test.controlsServer.ManualVivaeRunner.testVivaeRunner(ManualVivaeRunner.java:57)
	at sun.reflect.NativeMethodAccessorImpl.invoke0(Native Method)
	at sun.reflect.NativeMethodAccessorImpl.invoke(NativeMethodAccessorImpl.java:39)
	at sun.reflect.DelegatingMethodAccessorImpl.invoke(DelegatingMethodAccessorImpl.java:25)
	at java.lang.reflect.Method.invoke(Method.java:597)
	at org.junit.runners.model.FrameworkMethod$1.runReflectiveCall(FrameworkMethod.java:45)
	at org.junit.internal.runners.model.ReflectiveCallable.run(ReflectiveCallable.java:15)
	at org.junit.runners.model.FrameworkMethod.invokeExplosively(FrameworkMethod.java:42)
	at org.junit.internal.runners.statements.InvokeMethod.evaluate(InvokeMethod.java:20)
	at org.junit.runners.ParentRunner.runLeaf(ParentRunner.java:263)
	at org.junit.runners.BlockJUnit4ClassRunner.runChild(BlockJUnit4ClassRunner.java:68)
	at org.junit.runners.BlockJUnit4ClassRunner.runChild(BlockJUnit4ClassRunner.java:47)
	at org.junit.runners.ParentRunner$3.run(ParentRunner.java:231)
	at org.junit.runners.ParentRunner$1.schedule(ParentRunner.java:60)
	at org.junit.runners.ParentRunner.runChildren(ParentRunner.java:229)
	at org.junit.runners.ParentRunner.access$000(ParentRunner.java:50)
	at org.junit.runners.ParentRunner$2.evaluate(ParentRunner.java:222)
	at org.junit.runners.ParentRunner.run(ParentRunner.java:300)
	at org.gradle.api.internal.tasks.testing.junit.JUnitTestClassExecuter.runTestClass(JUnitTestClassExecuter.java:80)
	at org.gradle.api.internal.tasks.testing.junit.JUnitTestClassExecuter.execute(JUnitTestClassExecuter.java:47)
	at org.gradle.api.internal.tasks.testing.junit.JUnitTestClassProcessor.processTestClass(JUnitTestClassProcessor.java:69)
	at org.gradle.api.internal.tasks.testing.SuiteTestClassProcessor.processTestClass(SuiteTestClassProcessor.java:49)
	at sun.reflect.NativeMethodAccessorImpl.invoke0(Native Method)
	at sun.reflect.NativeMethodAccessorImpl.invoke(NativeMethodAccessorImpl.java:39)
	at sun.reflect.DelegatingMethodAccessorImpl.invoke(DelegatingMethodAccessorImpl.java:25)
	at java.lang.reflect.Method.invoke(Method.java:597)
	at org.gradle.messaging.dispatch.ReflectionDispatch.dispatch(ReflectionDispatch.java:35)
	at org.gradle.messaging.dispatch.ReflectionDispatch.dispatch(ReflectionDispatch.java:24)
	at org.gradle.messaging.dispatch.ContextClassLoaderDispatch.dispatch(ContextClassLoaderDispatch.java:32)
	at org.gradle.messaging.dispatch.ProxyDispatchAdapter$DispatchingInvocationHandler.invoke(ProxyDispatchAdapter.java:93)
	at com.sun.proxy.$Proxy2.processTestClass(Unknown Source)
	at org.gradle.api.internal.tasks.testing.worker.TestWorker.processTestClass(TestWorker.java:103)
	at sun.reflect.NativeMethodAccessorImpl.invoke0(Native Method)
	at sun.reflect.NativeMethodAccessorImpl.invoke(NativeMethodAccessorImpl.java:39)
	at sun.reflect.DelegatingMethodAccessorImpl.invoke(DelegatingMethodAccessorImpl.java:25)
	at java.lang.reflect.Method.invoke(Method.java:597)
	at org.gradle.messaging.dispatch.ReflectionDispatch.dispatch(ReflectionDispatch.java:35)
	at org.gradle.messaging.dispatch.ReflectionDispatch.dispatch(ReflectionDispatch.java:24)
	at org.gradle.messaging.remote.internal.hub.MessageHub$Handler.run(MessageHub.java:355)
	at org.gradle.internal.concurrent.DefaultExecutorFactory$StoppableExecutorImpl$1.run(DefaultExecutorFactory.java:66)
	at java.util.concurrent.ThreadPoolExecutor$Worker.runTask(ThreadPoolExecutor.java:895)
	at java.util.concurrent.ThreadPoolExecutor$Worker.run(ThreadPoolExecutor.java:918)
	at java.lang.Thread.run(Thread.java:695)
</failure>
  </testcase>
  <system-out><![CDATA[Working Directory = /Users/j/Dropbox/workspace/nengoros/vivae
claaaaaaaaaaaaaaaaaaa /Users/j/Dropbox/workspace/nengoros/vivae/build/classes/test:/Users/j/Dropbox/workspace/nengoros/vivae/build/resources/test:/Users/j/Dropbox/workspace/nengoros/vivae/build/classes/main:/Users/j/Dropbox/workspace/nengoros/vivae/build/resources/main:/Users/j/Dropbox/workspace/nengoros/vivae/lib/batik-anim.jar:/Users/j/Dropbox/workspace/nengoros/vivae/lib/batik-awt-util.jar:/Users/j/Dropbox/workspace/nengoros/vivae/lib/batik-bridge.jar:/Users/j/Dropbox/workspace/nengoros/vivae/lib/batik-codec.jar:/Users/j/Dropbox/workspace/nengoros/vivae/lib/batik-css.jar:/Users/j/Dropbox/workspace/nengoros/vivae/lib/batik-dom.jar:/Users/j/Dropbox/workspace/nengoros/vivae/lib/batik-ext.jar:/Users/j/Dropbox/workspace/nengoros/vivae/lib/batik-extension.jar:/Users/j/Dropbox/workspace/nengoros/vivae/lib/batik-gui-util.jar:/Users/j/Dropbox/workspace/nengoros/vivae/lib/batik-gvt.jar:/Users/j/Dropbox/workspace/nengoros/vivae/lib/batik-parser.jar:/Users/j/Dropbox/workspace/nengoros/vivae/lib/batik-script.jar:/Users/j/Dropbox/workspace/nengoros/vivae/lib/batik-svg-dom.jar:/Users/j/Dropbox/workspace/nengoros/vivae/lib/batik-svggen.jar:/Users/j/Dropbox/workspace/nengoros/vivae/lib/batik-swing.jar:/Users/j/Dropbox/workspace/nengoros/vivae/lib/batik-transcoder.jar:/Users/j/Dropbox/workspace/nengoros/vivae/lib/batik-util.jar:/Users/j/Dropbox/workspace/nengoros/vivae/lib/batik-xml.jar:/Users/j/Dropbox/workspace/nengoros/vivae/lib/cmaes_java.jar:/Users/j/Dropbox/workspace/nengoros/vivae/lib/guava-13.0.1.jar:/Users/j/Dropbox/workspace/nengoros/vivae/lib/guava-r07-gwt.jar:/Users/j/Dropbox/workspace/nengoros/vivae/lib/guava-r07.jar:/Users/j/Dropbox/workspace/nengoros/vivae/lib/jcommon-1.0.12.jar:/Users/j/Dropbox/workspace/nengoros/vivae/lib/jfreechart-1.0.8.jar:/Users/j/Dropbox/workspace/nengoros/vivae/lib/js.jar:/Users/j/Dropbox/workspace/nengoros/vivae/lib/junit-4.10.jar:/Users/j/Dropbox/workspace/nengoros/vivae/lib/pdf-transcoder.jar:/Users/j/Dropbox/workspace/nengoros/vivae/lib/phys2d-251007.jar:/Users/j/Dropbox/workspace/nengoros/vivae/lib/swingx-all-1.6.4.jar:/Users/j/Dropbox/workspace/nengoros/vivae/lib/uncommons-maths-1.2.2.jar:/Users/j/Dropbox/workspace/nengoros/vivae/lib/uncommons-maths-demo-1.2.2.jar:/Users/j/Dropbox/workspace/nengoros/vivae/lib/xalan-2.6.0.jar:/Users/j/Dropbox/workspace/nengoros/vivae/lib/xerces_2_5_0.jar:/Users/j/Dropbox/workspace/nengoros/vivae/lib/xml-apis-ext.jar:/Users/j/Dropbox/workspace/nengoros/vivae/lib/xml-apis.jar:/Users/j/.gradle/caches/artifacts-26/filestore/junit/junit/4.10/jar/e4f1766ce7404a08f45d859fb9c226fc9e41a861/junit-4.10.jar:/Users/j/.m2/repository/ros/rosjava_core/rosjava/0.0.0-SNAPSHOT/rosjava-0.0.0-SNAPSHOT.jar:/Users/j/.gradle/caches/artifacts-26/filestore/org.hamcrest/hamcrest-core/1.1/jar/860340562250678d1a344907ac75754e259cdb14/hamcrest-core-1.1.jar:/Users/j/.gradle/caches/artifacts-26/filestore/xml-apis/xml-apis/1.0.b2/jar/3136ca936f64c9d68529f048c2618bd356bf85c9/xml-apis-1.0.b2.jar:/Users/j/.gradle/caches/artifacts-26/filestore/org.apache.ws.commons/ws-commons-util/1.0.1/jar/126e80ff798fece634bc94e61f8be8a8da00be60/ws-commons-util-1.0.1.jar:/Users/j/.gradle/caches/artifacts-26/filestore/org.apache.commons/com.springsource.org.apache.commons.logging/1.1.1/jar/7657caf2c78e1d79c74d36f2ae128a115f7cc180/com.springsource.org.apache.commons.logging-1.1.1.jar:/Users/j/.gradle/caches/artifacts-26/filestore/org.apache.commons/com.springsource.org.apache.commons.codec/1.3.0/jar/f8690570eb0913d750262bb4223eed30b0d619ed/com.springsource.org.apache.commons.codec-1.3.0.jar:/Users/j/.gradle/caches/artifacts-26/filestore/org.apache.commons/com.springsource.org.apache.commons.httpclient/3.1.0/jar/c493a925a091ac3d8f449d9265fe12482dabb2a7/com.springsource.org.apache.commons.httpclient-3.1.0.jar:/Users/j/.m2/repository/ros/rosjava_core/apache_xmlrpc_common/0.0.0-SNAPSHOT/apache_xmlrpc_common-0.0.0-SNAPSHOT.jar:/Users/j/.m2/repository/ros/rosjava_core/apache_xmlrpc_server/0.0.0-SNAPSHOT/apache_xmlrpc_server-0.0.0-SNAPSHOT.jar:/Users/j/.gradle/caches/artifacts-26/filestore/org.apache.commons/com.springsource.org.apache.commons.net/2.0.0/jar/3e78766072ff5a5cf3f5431d973c430c94ec612/com.springsource.org.apache.commons.net-2.0.0.jar:/Users/j/.m2/repository/ros/rosjava_core/apache_xmlrpc_client/0.0.0-SNAPSHOT/apache_xmlrpc_client-0.0.0-SNAPSHOT.jar:/Users/j/.gradle/caches/artifacts-26/filestore/commons-pool/commons-pool/1.6/jar/4572d589699f09d866a226a14b7f4323c6d8f040/commons-pool-1.6.jar:/Users/j/.gradle/caches/artifacts-26/filestore/com.google.code.findbugs/jsr305/1.3.9/jar/40719ea6961c0cb6afaeb6a921eaa1f6afd4cfdf/jsr305-1.3.9.jar:/Users/j/.gradle/caches/artifacts-26/filestore/com.google.guava/guava/12.0/jar/5bc66dd95b79db1e437eb08adba124a3e4088dc0/guava-12.0.jar:/Users/j/.gradle/caches/artifacts-26/filestore/org.apache.commons/com.springsource.org.apache.commons.lang/2.4.0/jar/686e3713650c8e3a5d98723b4d3e239586bf9822/com.springsource.org.apache.commons.lang-2.4.0.jar:/Users/j/.gradle/caches/artifacts-26/filestore/org.apache.commons/com.springsource.org.apache.commons.io/1.4.0/jar/51097cd000ec88214ff181c9f059947de1cf4a35/com.springsource.org.apache.commons.io-1.4.0.jar:/Users/j/.gradle/caches/artifacts-26/filestore/io.netty/netty/3.5.2.Final/bundle/e6fb74a0699abe108969b2ec1f269391169a0426/netty-3.5.2.Final.jar:/Users/j/.m2/repository/ros/rosjava_core/rosjava_bootstrap/0.0.0-SNAPSHOT/rosjava_bootstrap-0.0.0-SNAPSHOT.jar:/Users/j/.m2/repository/ros/rosjava_core/rosjava_messages/0.0.0-SNAPSHOT/rosjava_messages-0.0.0-SNAPSHOT.jar:/Users/j/.gradle/caches/artifacts-26/filestore/dnsjava/dnsjava/2.1.1/jar/5708df81cf6dbff545695f0be6380b7bbc85accc/dnsjava-2.1.1.jar
/Users/j/.gradle/caches/1.7/workerMain/gradle-worker.jar
/Users/j/Dropbox/workspace/nengoros/vivae/build/classes/test/
/Users/j/Dropbox/workspace/nengoros/vivae/build/resources/test
/Users/j/Dropbox/workspace/nengoros/vivae/build/classes/main/
/Users/j/Dropbox/workspace/nengoros/vivae/build/resources/main/
/Users/j/Dropbox/workspace/nengoros/vivae/lib/batik-anim.jar
/Users/j/Dropbox/workspace/nengoros/vivae/lib/batik-awt-util.jar
/Users/j/Dropbox/workspace/nengoros/vivae/lib/batik-bridge.jar
/Users/j/Dropbox/workspace/nengoros/vivae/lib/batik-codec.jar
/Users/j/Dropbox/workspace/nengoros/vivae/lib/batik-css.jar
/Users/j/Dropbox/workspace/nengoros/vivae/lib/batik-dom.jar
/Users/j/Dropbox/workspace/nengoros/vivae/lib/batik-ext.jar
/Users/j/Dropbox/workspace/nengoros/vivae/lib/batik-extension.jar
/Users/j/Dropbox/workspace/nengoros/vivae/lib/batik-gui-util.jar
/Users/j/Dropbox/workspace/nengoros/vivae/lib/batik-gvt.jar
/Users/j/Dropbox/workspace/nengoros/vivae/lib/batik-parser.jar
/Users/j/Dropbox/workspace/nengoros/vivae/lib/batik-script.jar
/Users/j/Dropbox/workspace/nengoros/vivae/lib/batik-svg-dom.jar
/Users/j/Dropbox/workspace/nengoros/vivae/lib/batik-svggen.jar
/Users/j/Dropbox/workspace/nengoros/vivae/lib/batik-swing.jar
/Users/j/Dropbox/workspace/nengoros/vivae/lib/batik-transcoder.jar
/Users/j/Dropbox/workspace/nengoros/vivae/lib/batik-util.jar
/Users/j/Dropbox/workspace/nengoros/vivae/lib/batik-xml.jar
/Users/j/Dropbox/workspace/nengoros/vivae/lib/cmaes_java.jar
/Users/j/Dropbox/workspace/nengoros/vivae/lib/guava-13.0.1.jar
/Users/j/Dropbox/workspace/nengoros/vivae/lib/guava-r07-gwt.jar
/Users/j/Dropbox/workspace/nengoros/vivae/lib/guava-r07.jar
/Users/j/Dropbox/workspace/nengoros/vivae/lib/jcommon-1.0.12.jar
/Users/j/Dropbox/workspace/nengoros/vivae/lib/jfreechart-1.0.8.jar
/Users/j/Dropbox/workspace/nengoros/vivae/lib/js.jar
/Users/j/Dropbox/workspace/nengoros/vivae/lib/junit-4.10.jar
/Users/j/Dropbox/workspace/nengoros/vivae/lib/pdf-transcoder.jar
/Users/j/Dropbox/workspace/nengoros/vivae/lib/phys2d-251007.jar
/Users/j/Dropbox/workspace/nengoros/vivae/lib/swingx-all-1.6.4.jar
/Users/j/Dropbox/workspace/nengoros/vivae/lib/uncommons-maths-1.2.2.jar
/Users/j/Dropbox/workspace/nengoros/vivae/lib/uncommons-maths-demo-1.2.2.jar
/Users/j/Dropbox/workspace/nengoros/vivae/lib/xalan-2.6.0.jar
/Users/j/Dropbox/workspace/nengoros/vivae/lib/xerces_2_5_0.jar
/Users/j/Dropbox/workspace/nengoros/vivae/lib/xml-apis-ext.jar
/Users/j/Dropbox/workspace/nengoros/vivae/lib/xml-apis.jar
/Users/j/.gradle/caches/artifacts-26/filestore/junit/junit/4.10/jar/e4f1766ce7404a08f45d859fb9c226fc9e41a861/junit-4.10.jar
/Users/j/.m2/repository/ros/rosjava_core/rosjava/0.0.0-SNAPSHOT/rosjava-0.0.0-SNAPSHOT.jar
/Users/j/.gradle/caches/artifacts-26/filestore/org.hamcrest/hamcrest-core/1.1/jar/860340562250678d1a344907ac75754e259cdb14/hamcrest-core-1.1.jar
/Users/j/.gradle/caches/artifacts-26/filestore/xml-apis/xml-apis/1.0.b2/jar/3136ca936f64c9d68529f048c2618bd356bf85c9/xml-apis-1.0.b2.jar
/Users/j/.gradle/caches/artifacts-26/filestore/org.apache.ws.commons/ws-commons-util/1.0.1/jar/126e80ff798fece634bc94e61f8be8a8da00be60/ws-commons-util-1.0.1.jar
/Users/j/.gradle/caches/artifacts-26/filestore/org.apache.commons/com.springsource.org.apache.commons.logging/1.1.1/jar/7657caf2c78e1d79c74d36f2ae128a115f7cc180/com.springsource.org.apache.commons.logging-1.1.1.jar
/Users/j/.gradle/caches/artifacts-26/filestore/org.apache.commons/com.springsource.org.apache.commons.codec/1.3.0/jar/f8690570eb0913d750262bb4223eed30b0d619ed/com.springsource.org.apache.commons.codec-1.3.0.jar
/Users/j/.gradle/caches/artifacts-26/filestore/org.apache.commons/com.springsource.org.apache.commons.httpclient/3.1.0/jar/c493a925a091ac3d8f449d9265fe12482dabb2a7/com.springsource.org.apache.commons.httpclient-3.1.0.jar
/Users/j/.m2/repository/ros/rosjava_core/apache_xmlrpc_common/0.0.0-SNAPSHOT/apache_xmlrpc_common-0.0.0-SNAPSHOT.jar
/Users/j/.m2/repository/ros/rosjava_core/apache_xmlrpc_server/0.0.0-SNAPSHOT/apache_xmlrpc_server-0.0.0-SNAPSHOT.jar
/Users/j/.gradle/caches/artifacts-26/filestore/org.apache.commons/com.springsource.org.apache.commons.net/2.0.0/jar/3e78766072ff5a5cf3f5431d973c430c94ec612/com.springsource.org.apache.commons.net-2.0.0.jar
/Users/j/.m2/repository/ros/rosjava_core/apache_xmlrpc_client/0.0.0-SNAPSHOT/apache_xmlrpc_client-0.0.0-SNAPSHOT.jar
/Users/j/.gradle/caches/artifacts-26/filestore/commons-pool/commons-pool/1.6/jar/4572d589699f09d866a226a14b7f4323c6d8f040/commons-pool-1.6.jar
/Users/j/.gradle/caches/artifacts-26/filestore/com.google.code.findbugs/jsr305/1.3.9/jar/40719ea6961c0cb6afaeb6a921eaa1f6afd4cfdf/jsr305-1.3.9.jar
/Users/j/.gradle/caches/artifacts-26/filestore/com.google.guava/guava/12.0/jar/5bc66dd95b79db1e437eb08adba124a3e4088dc0/guava-12.0.jar
/Users/j/.gradle/caches/artifacts-26/filestore/org.apache.commons/com.springsource.org.apache.commons.lang/2.4.0/jar/686e3713650c8e3a5d98723b4d3e239586bf9822/com.springsource.org.apache.commons.lang-2.4.0.jar
/Users/j/.gradle/caches/artifacts-26/filestore/org.apache.commons/com.springsource.org.apache.commons.io/1.4.0/jar/51097cd000ec88214ff181c9f059947de1cf4a35/com.springsource.org.apache.commons.io-1.4.0.jar
/Users/j/.gradle/caches/artifacts-26/filestore/io.netty/netty/3.5.2.Final/bundle/e6fb74a0699abe108969b2ec1f269391169a0426/netty-3.5.2.Final.jar
/Users/j/.m2/repository/ros/rosjava_core/rosjava_bootstrap/0.0.0-SNAPSHOT/rosjava_bootstrap-0.0.0-SNAPSHOT.jar
/Users/j/.m2/repository/ros/rosjava_core/rosjava_messages/0.0.0-SNAPSHOT/rosjava_messages-0.0.0-SNAPSHOT.jar
/Users/j/.gradle/caches/artifacts-26/filestore/dnsjava/dnsjava/2.1.1/jar/5708df81cf6dbff545695f0be6380b7bbc85accc/dnsjava-2.1.1.jar
VivaeSimulator loading the simulation.. 
]]></system-out>
  <system-err><![CDATA[VivaeSimulator even the default map file not found, will not init!
]]></system-err>
</testsuite>
