<?xml version="1.1" encoding="UTF-8"?>
<testsuite name="test.dataLoader.ScenarioLoading" tests="5" failures="0" errors="0" timestamp="1970-01-01T00:00:00" hostname="b.local" time="1.387421726063E9">
  <properties/>
  <testcase name="defaultDataLoader" classname="test.dataLoader.ScenarioLoading" time="0.008"/>
  <testcase name="defaultMapLoader" classname="test.dataLoader.ScenarioLoading" time="0.001"/>
  <testcase name="defaultMapLoaderNotFound" classname="test.dataLoader.ScenarioLoading" time="0.022"/>
  <testcase name="loadTile" classname="test.dataLoader.ScenarioLoading" time="0.0"/>
  <testcase name="sub" classname="test.dataLoader.ScenarioLoading" time="0.0"/>
  <system-out><![CDATA[This map was found in this path: /Users/j/Dropbox/workspace/nengoros/vivae/build/classes/main/../../../src/main/resources/data/scenarios/arena1.svg
This map was found in this path: /Users/j/Dropbox/workspace/nengoros/vivae/build/classes/main/../../../src/main/resources/data/scenarios/arena2.svg
/Users/j/Dropbox/workspace/nengoros/vivae/build/classes/test/test/dataLoader/ScenarioLoading.class
/Users/j/Dropbox/workspace/nengoros/vivae/build/classes/test/test/localSimulation/ManualVivaeRunner.class
/Users/j/Dropbox/workspace/nengoros/vivae/build/classes/test/test/ros/controlsServer/ControlsServer.class
/Users/j/Dropbox/workspace/nengoros/vivae/build/resources/test/data/scenarios/arena1.svg
/Users/j/Dropbox/workspace/nengoros/vivae/build/resources/test/data/scenarios/arena2.svg
/Users/j/Dropbox/workspace/nengoros/vivae/build/resources/test/data/scenarios/manyAgents.svg
/Users/j/Dropbox/workspace/nengoros/vivae/build/resources/test/data/scenarios/minimal1.svg
/Users/j/Dropbox/workspace/nengoros/vivae/build/resources/test/data/scenarios/minimal2.svg
/Users/j/Dropbox/workspace/nengoros/vivae/build/resources/test/data/scenarios/minimal3.svg
/Users/j/Dropbox/workspace/nengoros/vivae/build/resources/test/data/scenarios/scenar1_01.svg
/Users/j/Dropbox/workspace/nengoros/vivae/build/resources/test/data/scenarios/scenar2_01.svg
/Users/j/Dropbox/workspace/nengoros/vivae/build/resources/test/data/scenarios/scenar3_01.svg
/Users/j/Dropbox/workspace/nengoros/vivae/build/resources/test/data/scenarios/scenario2.svg
/Users/j/Dropbox/workspace/nengoros/vivae/build/resources/test/data/scenarios/scenario2_resized.svg
/Users/j/Dropbox/workspace/nengoros/vivae/build/resources/test/data/scenarios/scenario2_retitled.svg
/Users/j/Dropbox/workspace/nengoros/vivae/build/resources/test/data/scenarios/scenario_moje.svg
/Users/j/Dropbox/workspace/nengoros/vivae/build/resources/test/data/scenarios/test/oneagent.svg
/Users/j/Dropbox/workspace/nengoros/vivae/build/resources/test/data/scenarios/test/other/oaa.svg
/Users/j/Dropbox/workspace/nengoros/vivae/build/resources/test/data/scenarios/test/other/oad.svg
/Users/j/Dropbox/workspace/nengoros/vivae/build/resources/test/data/scenarios/test/other/oadd.svg
/Users/j/Dropbox/workspace/nengoros/vivae/build/resources/test/data/scenarios/test/other/oneagentt.svg
/Users/j/Dropbox/workspace/nengoros/vivae/build/resources/test/data/scenarios/test/walls.svg
/Users/j/Dropbox/workspace/nengoros/vivae/build/resources/test/data/scenarios/test/wallsII.svg
/Users/j/Dropbox/workspace/nengoros/vivae/build/resources/test/data/scenarios/test/wallsIII.svg
/Users/j/Dropbox/workspace/nengoros/vivae/build/resources/test/data/scenarios/ushape.svg
/Users/j/Dropbox/workspace/nengoros/vivae/build/resources/test/data/scenarios/ushape2.svg
/Users/j/Dropbox/workspace/nengoros/vivae/build/resources/test/data/tiles/grass-tile1.jpg
/Users/j/Dropbox/workspace/nengoros/vivae/build/resources/test/data/tiles/grass-tile2.jpg
/Users/j/Dropbox/workspace/nengoros/vivae/build/resources/test/data/tiles/grass-tile3.jpg
/Users/j/Dropbox/workspace/nengoros/vivae/build/resources/test/data/tiles/ground-tile1.bmp
/Users/j/Dropbox/workspace/nengoros/vivae/build/resources/test/data/tiles/sand-tile1.png
/Users/j/Dropbox/workspace/nengoros/vivae/build/resources/test/data/tiles/sand-tile2.jpg
/Users/j/Dropbox/workspace/nengoros/vivae/build/classes/main/nn/FRNN.class
/Users/j/Dropbox/workspace/nengoros/vivae/build/classes/main/vivae/arena/Arena.class
/Users/j/Dropbox/workspace/nengoros/vivae/build/classes/main/vivae/arena/parts/Active.class
/Users/j/Dropbox/workspace/nengoros/vivae/build/classes/main/vivae/arena/parts/ArenaPart.class
/Users/j/Dropbox/workspace/nengoros/vivae/build/classes/main/vivae/arena/parts/BigPuck.class
/Users/j/Dropbox/workspace/nengoros/vivae/build/classes/main/vivae/arena/parts/Fixed.class
/Users/j/Dropbox/workspace/nengoros/vivae/build/classes/main/vivae/arena/parts/FixedObstacle.class
/Users/j/Dropbox/workspace/nengoros/vivae/build/classes/main/vivae/arena/parts/Grass.class
/Users/j/Dropbox/workspace/nengoros/vivae/build/classes/main/vivae/arena/parts/Movable.class
/Users/j/Dropbox/workspace/nengoros/vivae/build/classes/main/vivae/arena/parts/Obstacle.class
/Users/j/Dropbox/workspace/nengoros/vivae/build/classes/main/vivae/arena/parts/Passive.class
/Users/j/Dropbox/workspace/nengoros/vivae/build/classes/main/vivae/arena/parts/Puck.class
/Users/j/Dropbox/workspace/nengoros/vivae/build/classes/main/vivae/arena/parts/Road.class
/Users/j/Dropbox/workspace/nengoros/vivae/build/classes/main/vivae/arena/parts/Robot.class
/Users/j/Dropbox/workspace/nengoros/vivae/build/classes/main/vivae/arena/parts/Sand.class
/Users/j/Dropbox/workspace/nengoros/vivae/build/classes/main/vivae/arena/parts/sensors/DistanceSensor.class
/Users/j/Dropbox/workspace/nengoros/vivae/build/classes/main/vivae/arena/parts/sensors/LineSensor.class
/Users/j/Dropbox/workspace/nengoros/vivae/build/classes/main/vivae/arena/parts/sensors/PointSensor.class
/Users/j/Dropbox/workspace/nengoros/vivae/build/classes/main/vivae/arena/parts/sensors/Sensor.class
/Users/j/Dropbox/workspace/nengoros/vivae/build/classes/main/vivae/arena/parts/sensors/ShapeSensor.class
/Users/j/Dropbox/workspace/nengoros/vivae/build/classes/main/vivae/arena/parts/sensors/SurfaceFrictionSensor.class
/Users/j/Dropbox/workspace/nengoros/vivae/build/classes/main/vivae/arena/parts/SmallPuck.class
/Users/j/Dropbox/workspace/nengoros/vivae/build/classes/main/vivae/arena/parts/Surface.class
/Users/j/Dropbox/workspace/nengoros/vivae/build/classes/main/vivae/arena/parts/Target.class
/Users/j/Dropbox/workspace/nengoros/vivae/build/classes/main/vivae/arena/parts/VivaeObject.class
/Users/j/Dropbox/workspace/nengoros/vivae/build/classes/main/vivae/arena/parts/Water.class
/Users/j/Dropbox/workspace/nengoros/vivae/build/classes/main/vivae/cea/ContinuousEvolutionSearch$1.class
/Users/j/Dropbox/workspace/nengoros/vivae/build/classes/main/vivae/cea/ContinuousEvolutionSearch$2.class
/Users/j/Dropbox/workspace/nengoros/vivae/build/classes/main/vivae/cea/ContinuousEvolutionSearch$3.class
/Users/j/Dropbox/workspace/nengoros/vivae/build/classes/main/vivae/cea/ContinuousEvolutionSearch$4.class
/Users/j/Dropbox/workspace/nengoros/vivae/build/classes/main/vivae/cea/ContinuousEvolutionSearch.class
/Users/j/Dropbox/workspace/nengoros/vivae/build/classes/main/vivae/cea/Function2Params.class
/Users/j/Dropbox/workspace/nengoros/vivae/build/classes/main/vivae/cea/Individual$1.class
/Users/j/Dropbox/workspace/nengoros/vivae/build/classes/main/vivae/cea/Individual.class
/Users/j/Dropbox/workspace/nengoros/vivae/build/classes/main/vivae/cea/IndividualEvaluator.class
/Users/j/Dropbox/workspace/nengoros/vivae/build/classes/main/vivae/cea/main/ContinuousSearchMain$Options.class
/Users/j/Dropbox/workspace/nengoros/vivae/build/classes/main/vivae/cea/main/ContinuousSearchMain.class
/Users/j/Dropbox/workspace/nengoros/vivae/build/classes/main/vivae/cea/MathUtil.class
/Users/j/Dropbox/workspace/nengoros/vivae/build/classes/main/vivae/cea/ReproductionStrategy.class
/Users/j/Dropbox/workspace/nengoros/vivae/build/classes/main/vivae/cea/ReproductionStrategyImpl.class
/Users/j/Dropbox/workspace/nengoros/vivae/build/classes/main/vivae/cea/RouleteSelectionStrategy.class
/Users/j/Dropbox/workspace/nengoros/vivae/build/classes/main/vivae/cea/SelectionStrategy.class
/Users/j/Dropbox/workspace/nengoros/vivae/build/classes/main/vivae/cea/Solution.class
/Users/j/Dropbox/workspace/nengoros/vivae/build/classes/main/vivae/controllers/KeyboardVivaeController.class
/Users/j/Dropbox/workspace/nengoros/vivae/build/classes/main/vivae/controllers/RobotWithSensorController.class
/Users/j/Dropbox/workspace/nengoros/vivae/build/classes/main/vivae/controllers/VivaeController.class
/Users/j/Dropbox/workspace/nengoros/vivae/build/classes/main/vivae/example/FRNNControlledRobot.class
/Users/j/Dropbox/workspace/nengoros/vivae/build/classes/main/vivae/example/FRNNController.class
/Users/j/Dropbox/workspace/nengoros/vivae/build/classes/main/vivae/example/FRNNExperiment.class
/Users/j/Dropbox/workspace/nengoros/vivae/build/classes/main/vivae/example/FRNNRandomSearch.class
/Users/j/Dropbox/workspace/nengoros/vivae/build/classes/main/vivae/example/GeneticSearch$WeightedNetwork.class
/Users/j/Dropbox/workspace/nengoros/vivae/build/classes/main/vivae/example/GeneticSearch.class
/Users/j/Dropbox/workspace/nengoros/vivae/build/classes/main/vivae/example/JLinkExperiment.class
/Users/j/Dropbox/workspace/nengoros/vivae/build/classes/main/vivae/example/Main.class
/Users/j/Dropbox/workspace/nengoros/vivae/build/classes/main/vivae/example/MyController.class
/Users/j/Dropbox/workspace/nengoros/vivae/build/classes/main/vivae/example/MyRobot.class
/Users/j/Dropbox/workspace/nengoros/vivae/build/classes/main/vivae/fitness/AverageSpeed.class
/Users/j/Dropbox/workspace/nengoros/vivae/build/classes/main/vivae/fitness/CombinedFitness.class
/Users/j/Dropbox/workspace/nengoros/vivae/build/classes/main/vivae/fitness/Damage.class
/Users/j/Dropbox/workspace/nengoros/vivae/build/classes/main/vivae/fitness/FitnessFunction.class
/Users/j/Dropbox/workspace/nengoros/vivae/build/classes/main/vivae/fitness/MovablesOnTop.class
/Users/j/Dropbox/workspace/nengoros/vivae/build/classes/main/vivae/ros/simulator/AgentRegisteringSimulation.class
/Users/j/Dropbox/workspace/nengoros/vivae/build/classes/main/vivae/ros/simulator/agents/impl/SynchronousROSAgent$1.class
/Users/j/Dropbox/workspace/nengoros/vivae/build/classes/main/vivae/ros/simulator/agents/impl/SynchronousROSAgent$SU.class
/Users/j/Dropbox/workspace/nengoros/vivae/build/classes/main/vivae/ros/simulator/agents/impl/SynchronousROSAgent.class
/Users/j/Dropbox/workspace/nengoros/vivae/build/classes/main/vivae/ros/simulator/agents/RosAgent.class
/Users/j/Dropbox/workspace/nengoros/vivae/build/classes/main/vivae/ros/simulator/demo/dataPubSub/KeyControlledDataPublishingVivaeSim.class
/Users/j/Dropbox/workspace/nengoros/vivae/build/classes/main/vivae/ros/simulator/demo/dataPubSub/SensorPrinter.class
/Users/j/Dropbox/workspace/nengoros/vivae/build/classes/main/vivae/ros/simulator/demo/dataPubSub/SimRunner.class
/Users/j/Dropbox/workspace/nengoros/vivae/build/classes/main/vivae/ros/simulator/demo/keycontrolled/KeyControlledVivaeSimulator.class
/Users/j/Dropbox/workspace/nengoros/vivae/build/classes/main/vivae/ros/simulator/demo/keycontrolled/SimulationRunner.class
/Users/j/Dropbox/workspace/nengoros/vivae/build/classes/main/vivae/ros/simulator/demo/pubsub/KeyControlledDataPublishingVivaeSim.class
/Users/j/Dropbox/workspace/nengoros/vivae/build/classes/main/vivae/ros/simulator/demo/pubsub/KeyControlledSensoryDataPublisher$Speed.class
/Users/j/Dropbox/workspace/nengoros/vivae/build/classes/main/vivae/ros/simulator/demo/pubsub/KeyControlledSensoryDataPublisher.class
/Users/j/Dropbox/workspace/nengoros/vivae/build/classes/main/vivae/ros/simulator/demo/pubsub/SimRunner.class
/Users/j/Dropbox/workspace/nengoros/vivae/build/classes/main/vivae/ros/simulator/demo/simStartStop/KeyControlledVivaeSimulator.class
/Users/j/Dropbox/workspace/nengoros/vivae/build/classes/main/vivae/ros/simulator/demo/simStartStop/SimulationRunner.class
/Users/j/Dropbox/workspace/nengoros/vivae/build/classes/main/vivae/ros/simulator/impl/VivaeSimulatorOne.class
/Users/j/Dropbox/workspace/nengoros/vivae/build/classes/main/vivae/ros/simulator/Simulation.class
/Users/j/Dropbox/workspace/nengoros/vivae/build/classes/main/vivae/ros/simulator/SimulatorController.class
/Users/j/Dropbox/workspace/nengoros/vivae/build/classes/main/vivae/ros/simulatorControlsServer/AgentFactory.class
/Users/j/Dropbox/workspace/nengoros/vivae/build/classes/main/vivae/ros/simulatorControlsServer/ControlsServer$AgentSpawnServiceResponseBuilder.class
/Users/j/Dropbox/workspace/nengoros/vivae/build/classes/main/vivae/ros/simulatorControlsServer/ControlsServer$LoadMapServiceResponseBuilder.class
/Users/j/Dropbox/workspace/nengoros/vivae/build/classes/main/vivae/ros/simulatorControlsServer/ControlsServer$SimControlServiceResponseBuilder.class
/Users/j/Dropbox/workspace/nengoros/vivae/build/classes/main/vivae/ros/simulatorControlsServer/ControlsServer.class
/Users/j/Dropbox/workspace/nengoros/vivae/build/classes/main/vivae/ros/simulatorControlsServer/tests/MyRequester$1.class
/Users/j/Dropbox/workspace/nengoros/vivae/build/classes/main/vivae/ros/simulatorControlsServer/tests/MyRequester$MyServiceResponseListener.class
/Users/j/Dropbox/workspace/nengoros/vivae/build/classes/main/vivae/ros/simulatorControlsServer/tests/MyRequester$SimControlServiceResponseListener.class
/Users/j/Dropbox/workspace/nengoros/vivae/build/classes/main/vivae/ros/simulatorControlsServer/tests/MyRequester.class
/Users/j/Dropbox/workspace/nengoros/vivae/build/classes/main/vivae/ros/simulatorControlsServer/tests/MySynchronousRequester$1.class
/Users/j/Dropbox/workspace/nengoros/vivae/build/classes/main/vivae/ros/simulatorControlsServer/tests/MySynchronousRequester.class
/Users/j/Dropbox/workspace/nengoros/vivae/build/classes/main/vivae/ros/simulatorControlsServer/tests/SpawnRequester$1.class
/Users/j/Dropbox/workspace/nengoros/vivae/build/classes/main/vivae/ros/simulatorControlsServer/tests/SpawnRequester.class
/Users/j/Dropbox/workspace/nengoros/vivae/build/classes/main/vivae/ros/simulatorControlsServer/tests/SynchronousService.class
/Users/j/Dropbox/workspace/nengoros/vivae/build/classes/main/vivae/ros/util/ClasspathPrinter.class
/Users/j/Dropbox/workspace/nengoros/vivae/build/classes/main/vivae/ros/util/DataLoader.class
/Users/j/Dropbox/workspace/nengoros/vivae/build/classes/main/vivae/ros/util/impl/SyncedUnit.class
/Users/j/Dropbox/workspace/nengoros/vivae/build/classes/main/vivae/ros/util/MapLoader.class
/Users/j/Dropbox/workspace/nengoros/vivae/build/classes/main/vivae/ros/util/SyncedUnitInterface.class
/Users/j/Dropbox/workspace/nengoros/vivae/build/classes/main/vivae/sandbox/phys/HelloWorld.class
/Users/j/Dropbox/workspace/nengoros/vivae/build/classes/main/vivae/util/ArenaPartsGenerator.class
/Users/j/Dropbox/workspace/nengoros/vivae/build/classes/main/vivae/util/FrictionBuffer.class
/Users/j/Dropbox/workspace/nengoros/vivae/build/classes/main/vivae/util/PathIntersection.class
/Users/j/Dropbox/workspace/nengoros/vivae/build/classes/main/vivae/util/Phys2DBodyPainter.class
/Users/j/Dropbox/workspace/nengoros/vivae/build/classes/main/vivae/util/SVGShapeLoader$1.class
/Users/j/Dropbox/workspace/nengoros/vivae/build/classes/main/vivae/util/SVGShapeLoader.class
/Users/j/Dropbox/workspace/nengoros/vivae/build/classes/main/vivae/util/Util.class
/Users/j/Dropbox/workspace/nengoros/vivae/build/resources/main/data/scenarios/arena1.svg
/Users/j/Dropbox/workspace/nengoros/vivae/build/resources/main/data/scenarios/arena2.svg
/Users/j/Dropbox/workspace/nengoros/vivae/build/resources/main/data/scenarios/manyAgents.svg
/Users/j/Dropbox/workspace/nengoros/vivae/build/resources/main/data/scenarios/minimal1.svg
/Users/j/Dropbox/workspace/nengoros/vivae/build/resources/main/data/scenarios/minimal2.svg
/Users/j/Dropbox/workspace/nengoros/vivae/build/resources/main/data/scenarios/minimal3.svg
/Users/j/Dropbox/workspace/nengoros/vivae/build/resources/main/data/scenarios/scenar1_01.svg
/Users/j/Dropbox/workspace/nengoros/vivae/build/resources/main/data/scenarios/scenar2_01.svg
/Users/j/Dropbox/workspace/nengoros/vivae/build/resources/main/data/scenarios/scenar3_01.svg
/Users/j/Dropbox/workspace/nengoros/vivae/build/resources/main/data/scenarios/scenario2.svg
/Users/j/Dropbox/workspace/nengoros/vivae/build/resources/main/data/scenarios/scenario2_resized.svg
/Users/j/Dropbox/workspace/nengoros/vivae/build/resources/main/data/scenarios/scenario2_retitled.svg
/Users/j/Dropbox/workspace/nengoros/vivae/build/resources/main/data/scenarios/scenario_moje.svg
/Users/j/Dropbox/workspace/nengoros/vivae/build/resources/main/data/scenarios/test/oneagent.svg
/Users/j/Dropbox/workspace/nengoros/vivae/build/resources/main/data/scenarios/test/other/oaa.svg
/Users/j/Dropbox/workspace/nengoros/vivae/build/resources/main/data/scenarios/test/other/oad.svg
/Users/j/Dropbox/workspace/nengoros/vivae/build/resources/main/data/scenarios/test/other/oadd.svg
/Users/j/Dropbox/workspace/nengoros/vivae/build/resources/main/data/scenarios/test/other/oneagentt.svg
/Users/j/Dropbox/workspace/nengoros/vivae/build/resources/main/data/scenarios/test/walls.svg
/Users/j/Dropbox/workspace/nengoros/vivae/build/resources/main/data/scenarios/test/wallsII.svg
/Users/j/Dropbox/workspace/nengoros/vivae/build/resources/main/data/scenarios/test/wallsIII.svg
/Users/j/Dropbox/workspace/nengoros/vivae/build/resources/main/data/scenarios/ushape.svg
/Users/j/Dropbox/workspace/nengoros/vivae/build/resources/main/data/scenarios/ushape2.svg
/Users/j/Dropbox/workspace/nengoros/vivae/build/resources/main/data/tiles/grass-tile1.jpg
/Users/j/Dropbox/workspace/nengoros/vivae/build/resources/main/data/tiles/grass-tile2.jpg
/Users/j/Dropbox/workspace/nengoros/vivae/build/resources/main/data/tiles/grass-tile3.jpg
/Users/j/Dropbox/workspace/nengoros/vivae/build/resources/main/data/tiles/ground-tile1.bmp
/Users/j/Dropbox/workspace/nengoros/vivae/build/resources/main/data/tiles/sand-tile1.png
/Users/j/Dropbox/workspace/nengoros/vivae/build/resources/main/data/tiles/sand-tile2.jpg
/Users/j/Dropbox/workspace/nengoros/vivae/lib/batik-anim.jar
/Users/j/Dropbox/workspace/nengoros/vivae/lib/batik-awt-util.jar
/Users/j/Dropbox/workspace/nengoros/vivae/lib/batik-bridge.jar
/Users/j/Dropbox/workspace/nengoros/vivae/lib/batik-codec.jar
/Users/j/Dropbox/workspace/nengoros/vivae/lib/batik-css.jar
/Users/j/Dropbox/workspace/nengoros/vivae/lib/batik-dom.jar
/Users/j/Dropbox/workspace/nengoros/vivae/lib/batik-ext.jar
/Users/j/Dropbox/workspace/nengoros/vivae/lib/batik-extension.jar
/Users/j/Dropbox/workspace/nengoros/vivae/lib/batik-gui-util.jar
/Users/j/Dropbox/workspace/nengoros/vivae/lib/batik-gvt.jar
/Users/j/Dropbox/workspace/nengoros/vivae/lib/batik-parser.jar
/Users/j/Dropbox/workspace/nengoros/vivae/lib/batik-script.jar
/Users/j/Dropbox/workspace/nengoros/vivae/lib/batik-svg-dom.jar
/Users/j/Dropbox/workspace/nengoros/vivae/lib/batik-svggen.jar
/Users/j/Dropbox/workspace/nengoros/vivae/lib/batik-swing.jar
/Users/j/Dropbox/workspace/nengoros/vivae/lib/batik-transcoder.jar
/Users/j/Dropbox/workspace/nengoros/vivae/lib/batik-util.jar
/Users/j/Dropbox/workspace/nengoros/vivae/lib/batik-xml.jar
/Users/j/Dropbox/workspace/nengoros/vivae/lib/cmaes_java.jar
/Users/j/Dropbox/workspace/nengoros/vivae/lib/guava-13.0.1.jar
/Users/j/Dropbox/workspace/nengoros/vivae/lib/guava-r07-gwt.jar
/Users/j/Dropbox/workspace/nengoros/vivae/lib/guava-r07.jar
/Users/j/Dropbox/workspace/nengoros/vivae/lib/jcommon-1.0.12.jar
/Users/j/Dropbox/workspace/nengoros/vivae/lib/jfreechart-1.0.8.jar
/Users/j/Dropbox/workspace/nengoros/vivae/lib/js.jar
/Users/j/Dropbox/workspace/nengoros/vivae/lib/junit-4.10.jar
/Users/j/Dropbox/workspace/nengoros/vivae/lib/pdf-transcoder.jar
/Users/j/Dropbox/workspace/nengoros/vivae/lib/phys2d-251007.jar
/Users/j/Dropbox/workspace/nengoros/vivae/lib/swingx-all-1.6.4.jar
/Users/j/Dropbox/workspace/nengoros/vivae/lib/uncommons-maths-1.2.2.jar
/Users/j/Dropbox/workspace/nengoros/vivae/lib/uncommons-maths-demo-1.2.2.jar
/Users/j/Dropbox/workspace/nengoros/vivae/lib/xalan-2.6.0.jar
/Users/j/Dropbox/workspace/nengoros/vivae/lib/xerces_2_5_0.jar
/Users/j/Dropbox/workspace/nengoros/vivae/lib/xml-apis-ext.jar
/Users/j/Dropbox/workspace/nengoros/vivae/lib/xml-apis.jar
/Users/j/.gradle/caches/artifacts-26/filestore/junit/junit/4.10/jar/e4f1766ce7404a08f45d859fb9c226fc9e41a861/junit-4.10.jar
/Users/j/.m2/repository/ros/rosjava_core/rosjava/0.0.0-SNAPSHOT/rosjava-0.0.0-SNAPSHOT.jar
/Users/j/.m2/repository/ctu/nengoros/jroscore/0.0.3-SNAPSHOT/jroscore-0.0.3-SNAPSHOT.jar
/Users/j/.gradle/caches/artifacts-26/filestore/org.hamcrest/hamcrest-core/1.1/jar/860340562250678d1a344907ac75754e259cdb14/hamcrest-core-1.1.jar
/Users/j/.gradle/caches/artifacts-26/filestore/org.apache.commons/com.springsource.org.apache.commons.logging/1.1.1/jar/7657caf2c78e1d79c74d36f2ae128a115f7cc180/com.springsource.org.apache.commons.logging-1.1.1.jar
/Users/j/.gradle/caches/artifacts-26/filestore/xml-apis/xml-apis/1.0.b2/jar/3136ca936f64c9d68529f048c2618bd356bf85c9/xml-apis-1.0.b2.jar
/Users/j/.gradle/caches/artifacts-26/filestore/org.apache.ws.commons/ws-commons-util/1.0.1/jar/126e80ff798fece634bc94e61f8be8a8da00be60/ws-commons-util-1.0.1.jar
/Users/j/.gradle/caches/artifacts-26/filestore/org.apache.commons/com.springsource.org.apache.commons.codec/1.3.0/jar/f8690570eb0913d750262bb4223eed30b0d619ed/com.springsource.org.apache.commons.codec-1.3.0.jar
/Users/j/.gradle/caches/artifacts-26/filestore/org.apache.commons/com.springsource.org.apache.commons.httpclient/3.1.0/jar/c493a925a091ac3d8f449d9265fe12482dabb2a7/com.springsource.org.apache.commons.httpclient-3.1.0.jar
/Users/j/.m2/repository/ros/rosjava_core/apache_xmlrpc_common/0.0.0-SNAPSHOT/apache_xmlrpc_common-0.0.0-SNAPSHOT.jar
/Users/j/.m2/repository/ros/rosjava_core/apache_xmlrpc_server/0.0.0-SNAPSHOT/apache_xmlrpc_server-0.0.0-SNAPSHOT.jar
/Users/j/.gradle/caches/artifacts-26/filestore/org.apache.commons/com.springsource.org.apache.commons.net/2.0.0/jar/3e78766072ff5a5cf3f5431d973c430c94ec612/com.springsource.org.apache.commons.net-2.0.0.jar
/Users/j/.gradle/caches/artifacts-26/filestore/commons-pool/commons-pool/1.6/jar/4572d589699f09d866a226a14b7f4323c6d8f040/commons-pool-1.6.jar
/Users/j/.gradle/caches/artifacts-26/filestore/com.google.code.findbugs/jsr305/1.3.9/jar/40719ea6961c0cb6afaeb6a921eaa1f6afd4cfdf/jsr305-1.3.9.jar
/Users/j/.gradle/caches/artifacts-26/filestore/com.google.guava/guava/12.0/jar/5bc66dd95b79db1e437eb08adba124a3e4088dc0/guava-12.0.jar
/Users/j/.gradle/caches/artifacts-26/filestore/org.apache.commons/com.springsource.org.apache.commons.lang/2.4.0/jar/686e3713650c8e3a5d98723b4d3e239586bf9822/com.springsource.org.apache.commons.lang-2.4.0.jar
/Users/j/.gradle/caches/artifacts-26/filestore/org.apache.commons/com.springsource.org.apache.commons.io/1.4.0/jar/51097cd000ec88214ff181c9f059947de1cf4a35/com.springsource.org.apache.commons.io-1.4.0.jar
/Users/j/.gradle/caches/artifacts-26/filestore/io.netty/netty/3.5.2.Final/bundle/e6fb74a0699abe108969b2ec1f269391169a0426/netty-3.5.2.Final.jar
/Users/j/.m2/repository/ros/rosjava_core/rosjava_bootstrap/0.0.0-SNAPSHOT/rosjava_bootstrap-0.0.0-SNAPSHOT.jar
/Users/j/.m2/repository/ros/rosjava_core/apache_xmlrpc_client/0.0.0-SNAPSHOT/apache_xmlrpc_client-0.0.0-SNAPSHOT.jar
/Users/j/.gradle/caches/artifacts-26/filestore/dnsjava/dnsjava/2.1.1/jar/5708df81cf6dbff545695f0be6380b7bbc85accc/dnsjava-2.1.1.jar
/Users/j/.m2/repository/ros/rosjava_core/rosjava_messages/0.0.0-SNAPSHOT/rosjava_messages-0.0.0-SNAPSHOT.jar
This map was found in this path: /Users/j/Dropbox/workspace/nengoros/vivae/build/classes/main/../../../src/main/resources/data/scenarios/arena1.svg
]]></system-out>
  <system-err><![CDATA[[DataLoader]  I can see only these files: 
[MapLoader] File: data/scenarios/arena2.svgggg not found!
]]></system-err>
</testsuite>
